!SESSION 2015-03-03 20:11:22.107 -----------------------------------------------
eclipse.buildId=unknown
java.version=1.7.0_45
java.vendor=Oracle Corporation
BootLoader constants: OS=linux, ARCH=x86_64, WS=gtk, NL=en_US
Command-line arguments:  -dev file:/home/ruben/java/eclipseRCPBook/workspace/.metadata/.plugins/org.eclipse.pde.core/OSGi Framework/dev.properties -os linux -ws gtk -arch x86_64 -console

!ENTRY be.rds.msg.api 4 0 2015-03-03 20:11:22.693
!MESSAGE 
!STACK 0
org.osgi.framework.BundleException: The activator br.rds.msg.Activator for bundle be.rds.msg.api is invalid
	at org.eclipse.osgi.framework.internal.core.AbstractBundle.loadBundleActivator(AbstractBundle.java:157)
	at org.eclipse.osgi.framework.internal.core.BundleContextImpl.start(BundleContextImpl.java:751)
	at org.eclipse.osgi.framework.internal.core.BundleHost.startWorker(BundleHost.java:352)
	at org.eclipse.osgi.framework.internal.core.AbstractBundle.resume(AbstractBundle.java:370)
	at org.eclipse.osgi.framework.internal.core.Framework.resumeBundle(Framework.java:1068)
	at org.eclipse.osgi.framework.internal.core.StartLevelManager.resumeBundles(StartLevelManager.java:557)
	at org.eclipse.osgi.framework.internal.core.StartLevelManager.incFWSL(StartLevelManager.java:464)
	at org.eclipse.osgi.framework.internal.core.StartLevelManager.doSetStartLevel(StartLevelManager.java:248)
	at org.eclipse.osgi.framework.internal.core.StartLevelManager.dispatchEvent(StartLevelManager.java:445)
	at org.eclipse.osgi.framework.eventmgr.EventManager.dispatchEvent(EventManager.java:227)
	at org.eclipse.osgi.framework.eventmgr.EventManager$EventThread.run(EventManager.java:337)
Caused by: java.lang.ClassNotFoundException: br.rds.msg.Activator
	at org.eclipse.osgi.internal.loader.BundleLoader.findClassInternal(BundleLoader.java:494)
	at org.eclipse.osgi.internal.loader.BundleLoader.findClass(BundleLoader.java:410)
	at org.eclipse.osgi.internal.loader.BundleLoader.findClass(BundleLoader.java:398)
	at org.eclipse.osgi.internal.baseadaptor.DefaultClassLoader.loadClass(DefaultClassLoader.java:105)
	at java.lang.ClassLoader.loadClass(ClassLoader.java:358)
	at org.eclipse.osgi.internal.loader.BundleLoader.loadClass(BundleLoader.java:326)
	at org.eclipse.osgi.framework.internal.core.BundleHost.loadClass(BundleHost.java:231)
	at org.eclipse.osgi.framework.internal.core.AbstractBundle.loadBundleActivator(AbstractBundle.java:150)
	... 10 more
Root exception:
java.lang.ClassNotFoundException: br.rds.msg.Activator
	at org.eclipse.osgi.internal.loader.BundleLoader.findClassInternal(BundleLoader.java:494)
	at org.eclipse.osgi.internal.loader.BundleLoader.findClass(BundleLoader.java:410)
	at org.eclipse.osgi.internal.loader.BundleLoader.findClass(BundleLoader.java:398)
	at org.eclipse.osgi.internal.baseadaptor.DefaultClassLoader.loadClass(DefaultClassLoader.java:105)
	at java.lang.ClassLoader.loadClass(ClassLoader.java:358)
	at org.eclipse.osgi.internal.loader.BundleLoader.loadClass(BundleLoader.java:326)
	at org.eclipse.osgi.framework.internal.core.BundleHost.loadClass(BundleHost.java:231)
	at org.eclipse.osgi.framework.internal.core.AbstractBundle.loadBundleActivator(AbstractBundle.java:150)
	at org.eclipse.osgi.framework.internal.core.BundleContextImpl.start(BundleContextImpl.java:751)
	at org.eclipse.osgi.framework.internal.core.BundleHost.startWorker(BundleHost.java:352)
	at org.eclipse.osgi.framework.internal.core.AbstractBundle.resume(AbstractBundle.java:370)
	at org.eclipse.osgi.framework.internal.core.Framework.resumeBundle(Framework.java:1068)
	at org.eclipse.osgi.framework.internal.core.StartLevelManager.resumeBundles(StartLevelManager.java:557)
	at org.eclipse.osgi.framework.internal.core.StartLevelManager.incFWSL(StartLevelManager.java:464)
	at org.eclipse.osgi.framework.internal.core.StartLevelManager.doSetStartLevel(StartLevelManager.java:248)
	at org.eclipse.osgi.framework.internal.core.StartLevelManager.dispatchEvent(StartLevelManager.java:445)
	at org.eclipse.osgi.framework.eventmgr.EventManager.dispatchEvent(EventManager.java:227)
	at org.eclipse.osgi.framework.eventmgr.EventManager$EventThread.run(EventManager.java:337)

!ENTRY org.eclipse.osgi 4 0 2015-03-03 20:11:31.313
!MESSAGE An error occurred while automatically activating bundle be.rds.msg.api (2).
!STACK 0
org.osgi.framework.BundleException: The activator br.rds.msg.Activator for bundle be.rds.msg.api is invalid
	at org.eclipse.osgi.framework.internal.core.AbstractBundle.loadBundleActivator(AbstractBundle.java:157)
	at org.eclipse.osgi.framework.internal.core.BundleContextImpl.start(BundleContextImpl.java:751)
	at org.eclipse.osgi.framework.internal.core.BundleHost.startWorker(BundleHost.java:352)
	at org.eclipse.osgi.framework.internal.core.AbstractBundle.start(AbstractBundle.java:280)
	at org.eclipse.osgi.framework.util.SecureAction.start(SecureAction.java:408)
	at org.eclipse.core.runtime.internal.adaptor.EclipseLazyStarter.postFindLocalClass(EclipseLazyStarter.java:111)
	at org.eclipse.osgi.baseadaptor.loader.ClasspathManager.findLocalClass(ClasspathManager.java:449)
	at org.eclipse.osgi.internal.baseadaptor.DefaultClassLoader.findLocalClass(DefaultClassLoader.java:211)
	at org.eclipse.osgi.internal.loader.BundleLoader.findLocalClass(BundleLoader.java:381)
	at org.eclipse.osgi.internal.loader.SingleSourcePackage.loadClass(SingleSourcePackage.java:33)
	at org.eclipse.osgi.internal.loader.BundleLoader.findClassInternal(BundleLoader.java:454)
	at org.eclipse.osgi.internal.loader.BundleLoader.findClass(BundleLoader.java:410)
	at org.eclipse.osgi.internal.loader.BundleLoader.findClass(BundleLoader.java:398)
	at org.eclipse.osgi.internal.baseadaptor.DefaultClassLoader.loadClass(DefaultClassLoader.java:105)
	at java.lang.ClassLoader.loadClass(ClassLoader.java:358)
	at be.rds.msg.consumer.Activator.start(Activator.java:14)
	at org.eclipse.osgi.framework.internal.core.BundleContextImpl$1.run(BundleContextImpl.java:783)
	at java.security.AccessController.doPrivileged(Native Method)
	at org.eclipse.osgi.framework.internal.core.BundleContextImpl.startActivator(BundleContextImpl.java:774)
	at org.eclipse.osgi.framework.internal.core.BundleContextImpl.start(BundleContextImpl.java:755)
	at org.eclipse.osgi.framework.internal.core.BundleHost.startWorker(BundleHost.java:352)
	at org.eclipse.osgi.framework.internal.core.AbstractBundle.resume(AbstractBundle.java:370)
	at org.eclipse.osgi.framework.internal.core.Framework.resumeBundle(Framework.java:1068)
	at org.eclipse.osgi.framework.internal.core.StartLevelManager.resumeBundles(StartLevelManager.java:557)
	at org.eclipse.osgi.framework.internal.core.StartLevelManager.incFWSL(StartLevelManager.java:464)
	at org.eclipse.osgi.framework.internal.core.StartLevelManager.doSetStartLevel(StartLevelManager.java:248)
	at org.eclipse.osgi.framework.internal.core.StartLevelManager.dispatchEvent(StartLevelManager.java:445)
	at org.eclipse.osgi.framework.eventmgr.EventManager.dispatchEvent(EventManager.java:227)
	at org.eclipse.osgi.framework.eventmgr.EventManager$EventThread.run(EventManager.java:337)
Caused by: java.lang.ClassNotFoundException: br.rds.msg.Activator
	at org.eclipse.osgi.internal.loader.BundleLoader.findClassInternal(BundleLoader.java:494)
	at org.eclipse.osgi.internal.loader.BundleLoader.findClass(BundleLoader.java:410)
	at org.eclipse.osgi.internal.loader.BundleLoader.findClass(BundleLoader.java:398)
	at org.eclipse.osgi.internal.baseadaptor.DefaultClassLoader.loadClass(DefaultClassLoader.java:105)
	at java.lang.ClassLoader.loadClass(ClassLoader.java:358)
	at org.eclipse.osgi.internal.loader.BundleLoader.loadClass(BundleLoader.java:326)
	at org.eclipse.osgi.framework.internal.core.BundleHost.loadClass(BundleHost.java:231)
	at org.eclipse.osgi.framework.internal.core.AbstractBundle.loadBundleActivator(AbstractBundle.java:150)
	... 28 more
Root exception:
java.lang.ClassNotFoundException: br.rds.msg.Activator
	at org.eclipse.osgi.internal.loader.BundleLoader.findClassInternal(BundleLoader.java:494)
	at org.eclipse.osgi.internal.loader.BundleLoader.findClass(BundleLoader.java:410)
	at org.eclipse.osgi.internal.loader.BundleLoader.findClass(BundleLoader.java:398)
	at org.eclipse.osgi.internal.baseadaptor.DefaultClassLoader.loadClass(DefaultClassLoader.java:105)
	at java.lang.ClassLoader.loadClass(ClassLoader.java:358)
	at org.eclipse.osgi.internal.loader.BundleLoader.loadClass(BundleLoader.java:326)
	at org.eclipse.osgi.framework.internal.core.BundleHost.loadClass(BundleHost.java:231)
	at org.eclipse.osgi.framework.internal.core.AbstractBundle.loadBundleActivator(AbstractBundle.java:150)
	at org.eclipse.osgi.framework.internal.core.BundleContextImpl.start(BundleContextImpl.java:751)
	at org.eclipse.osgi.framework.internal.core.BundleHost.startWorker(BundleHost.java:352)
	at org.eclipse.osgi.framework.internal.core.AbstractBundle.start(AbstractBundle.java:280)
	at org.eclipse.osgi.framework.util.SecureAction.start(SecureAction.java:408)
	at org.eclipse.core.runtime.internal.adaptor.EclipseLazyStarter.postFindLocalClass(EclipseLazyStarter.java:111)
	at org.eclipse.osgi.baseadaptor.loader.ClasspathManager.findLocalClass(ClasspathManager.java:449)
	at org.eclipse.osgi.internal.baseadaptor.DefaultClassLoader.findLocalClass(DefaultClassLoader.java:211)
	at org.eclipse.osgi.internal.loader.BundleLoader.findLocalClass(BundleLoader.java:381)
	at org.eclipse.osgi.internal.loader.SingleSourcePackage.loadClass(SingleSourcePackage.java:33)
	at org.eclipse.osgi.internal.loader.BundleLoader.findClassInternal(BundleLoader.java:454)
	at org.eclipse.osgi.internal.loader.BundleLoader.findClass(BundleLoader.java:410)
	at org.eclipse.osgi.internal.loader.BundleLoader.findClass(BundleLoader.java:398)
	at org.eclipse.osgi.internal.baseadaptor.DefaultClassLoader.loadClass(DefaultClassLoader.java:105)
	at java.lang.ClassLoader.loadClass(ClassLoader.java:358)
	at be.rds.msg.consumer.Activator.start(Activator.java:14)
	at org.eclipse.osgi.framework.internal.core.BundleContextImpl$1.run(BundleContextImpl.java:783)
	at java.security.AccessController.doPrivileged(Native Method)
	at org.eclipse.osgi.framework.internal.core.BundleContextImpl.startActivator(BundleContextImpl.java:774)
	at org.eclipse.osgi.framework.internal.core.BundleContextImpl.start(BundleContextImpl.java:755)
	at org.eclipse.osgi.framework.internal.core.BundleHost.startWorker(BundleHost.java:352)
	at org.eclipse.osgi.framework.internal.core.AbstractBundle.resume(AbstractBundle.java:370)
	at org.eclipse.osgi.framework.internal.core.Framework.resumeBundle(Framework.java:1068)
	at org.eclipse.osgi.framework.internal.core.StartLevelManager.resumeBundles(StartLevelManager.java:557)
	at org.eclipse.osgi.framework.internal.core.StartLevelManager.incFWSL(StartLevelManager.java:464)
	at org.eclipse.osgi.framework.internal.core.StartLevelManager.doSetStartLevel(StartLevelManager.java:248)
	at org.eclipse.osgi.framework.internal.core.StartLevelManager.dispatchEvent(StartLevelManager.java:445)
	at org.eclipse.osgi.framework.eventmgr.EventManager.dispatchEvent(EventManager.java:227)
	at org.eclipse.osgi.framework.eventmgr.EventManager$EventThread.run(EventManager.java:337)

!ENTRY be.rds.msg.consumer 4 0 2015-03-03 20:11:31.317
!MESSAGE 
!STACK 0
org.osgi.framework.BundleException: Exception in be.rds.msg.consumer.Activator.start() of bundle be.rds.msg.consumer.
	at org.eclipse.osgi.framework.internal.core.BundleContextImpl.startActivator(BundleContextImpl.java:806)
	at org.eclipse.osgi.framework.internal.core.BundleContextImpl.start(BundleContextImpl.java:755)
	at org.eclipse.osgi.framework.internal.core.BundleHost.startWorker(BundleHost.java:352)
	at org.eclipse.osgi.framework.internal.core.AbstractBundle.resume(AbstractBundle.java:370)
	at org.eclipse.osgi.framework.internal.core.Framework.resumeBundle(Framework.java:1068)
	at org.eclipse.osgi.framework.internal.core.StartLevelManager.resumeBundles(StartLevelManager.java:557)
	at org.eclipse.osgi.framework.internal.core.StartLevelManager.incFWSL(StartLevelManager.java:464)
	at org.eclipse.osgi.framework.internal.core.StartLevelManager.doSetStartLevel(StartLevelManager.java:248)
	at org.eclipse.osgi.framework.internal.core.StartLevelManager.dispatchEvent(StartLevelManager.java:445)
	at org.eclipse.osgi.framework.eventmgr.EventManager.dispatchEvent(EventManager.java:227)
	at org.eclipse.osgi.framework.eventmgr.EventManager$EventThread.run(EventManager.java:337)
Caused by: java.lang.NoClassDefFoundError: br/rds/msg/IMessageProvider
	at be.rds.msg.consumer.Activator.start(Activator.java:14)
	at org.eclipse.osgi.framework.internal.core.BundleContextImpl$1.run(BundleContextImpl.java:783)
	at java.security.AccessController.doPrivileged(Native Method)
	at org.eclipse.osgi.framework.internal.core.BundleContextImpl.startActivator(BundleContextImpl.java:774)
	... 10 more
Caused by: org.eclipse.core.runtime.internal.adaptor.EclipseLazyStarter$TerminatingClassNotFoundException: An error occurred while automatically activating bundle be.rds.msg.api (2).
	at org.eclipse.core.runtime.internal.adaptor.EclipseLazyStarter.postFindLocalClass(EclipseLazyStarter.java:125)
	at org.eclipse.osgi.baseadaptor.loader.ClasspathManager.findLocalClass(ClasspathManager.java:449)
	at org.eclipse.osgi.internal.baseadaptor.DefaultClassLoader.findLocalClass(DefaultClassLoader.java:211)
	at org.eclipse.osgi.internal.loader.BundleLoader.findLocalClass(BundleLoader.java:381)
	at org.eclipse.osgi.internal.loader.SingleSourcePackage.loadClass(SingleSourcePackage.java:33)
	at org.eclipse.osgi.internal.loader.BundleLoader.findClassInternal(BundleLoader.java:454)
	at org.eclipse.osgi.internal.loader.BundleLoader.findClass(BundleLoader.java:410)
	at org.eclipse.osgi.internal.loader.BundleLoader.findClass(BundleLoader.java:398)
	at org.eclipse.osgi.internal.baseadaptor.DefaultClassLoader.loadClass(DefaultClassLoader.java:105)
	at java.lang.ClassLoader.loadClass(ClassLoader.java:358)
	... 14 more
Caused by: org.osgi.framework.BundleException: The activator br.rds.msg.Activator for bundle be.rds.msg.api is invalid
	at org.eclipse.osgi.framework.internal.core.AbstractBundle.loadBundleActivator(AbstractBundle.java:157)
	at org.eclipse.osgi.framework.internal.core.BundleContextImpl.start(BundleContextImpl.java:751)
	at org.eclipse.osgi.framework.internal.core.BundleHost.startWorker(BundleHost.java:352)
	at org.eclipse.osgi.framework.internal.core.AbstractBundle.start(AbstractBundle.java:280)
	at org.eclipse.osgi.framework.util.SecureAction.start(SecureAction.java:408)
	at org.eclipse.core.runtime.internal.adaptor.EclipseLazyStarter.postFindLocalClass(EclipseLazyStarter.java:111)
	... 23 more
Caused by: java.lang.ClassNotFoundException: br.rds.msg.Activator
	at org.eclipse.osgi.internal.loader.BundleLoader.findClassInternal(BundleLoader.java:494)
	at org.eclipse.osgi.internal.loader.BundleLoader.findClass(BundleLoader.java:410)
	at org.eclipse.osgi.internal.loader.BundleLoader.findClass(BundleLoader.java:398)
	at org.eclipse.osgi.internal.baseadaptor.DefaultClassLoader.loadClass(DefaultClassLoader.java:105)
	at java.lang.ClassLoader.loadClass(ClassLoader.java:358)
	at org.eclipse.osgi.internal.loader.BundleLoader.loadClass(BundleLoader.java:326)
	at org.eclipse.osgi.framework.internal.core.BundleHost.loadClass(BundleHost.java:231)
	at org.eclipse.osgi.framework.internal.core.AbstractBundle.loadBundleActivator(AbstractBundle.java:150)
	... 28 more
Root exception:
java.lang.NoClassDefFoundError: br/rds/msg/IMessageProvider
	at be.rds.msg.consumer.Activator.start(Activator.java:14)
	at org.eclipse.osgi.framework.internal.core.BundleContextImpl$1.run(BundleContextImpl.java:783)
	at java.security.AccessController.doPrivileged(Native Method)
	at org.eclipse.osgi.framework.internal.core.BundleContextImpl.startActivator(BundleContextImpl.java:774)
	at org.eclipse.osgi.framework.internal.core.BundleContextImpl.start(BundleContextImpl.java:755)
	at org.eclipse.osgi.framework.internal.core.BundleHost.startWorker(BundleHost.java:352)
	at org.eclipse.osgi.framework.internal.core.AbstractBundle.resume(AbstractBundle.java:370)
	at org.eclipse.osgi.framework.internal.core.Framework.resumeBundle(Framework.java:1068)
	at org.eclipse.osgi.framework.internal.core.StartLevelManager.resumeBundles(StartLevelManager.java:557)
	at org.eclipse.osgi.framework.internal.core.StartLevelManager.incFWSL(StartLevelManager.java:464)
	at org.eclipse.osgi.framework.internal.core.StartLevelManager.doSetStartLevel(StartLevelManager.java:248)
	at org.eclipse.osgi.framework.internal.core.StartLevelManager.dispatchEvent(StartLevelManager.java:445)
	at org.eclipse.osgi.framework.eventmgr.EventManager.dispatchEvent(EventManager.java:227)
	at org.eclipse.osgi.framework.eventmgr.EventManager$EventThread.run(EventManager.java:337)
Caused by: org.eclipse.core.runtime.internal.adaptor.EclipseLazyStarter$TerminatingClassNotFoundException: An error occurred while automatically activating bundle be.rds.msg.api (2).
	at org.eclipse.core.runtime.internal.adaptor.EclipseLazyStarter.postFindLocalClass(EclipseLazyStarter.java:125)
	at org.eclipse.osgi.baseadaptor.loader.ClasspathManager.findLocalClass(ClasspathManager.java:449)
	at org.eclipse.osgi.internal.baseadaptor.DefaultClassLoader.findLocalClass(DefaultClassLoader.java:211)
	at org.eclipse.osgi.internal.loader.BundleLoader.findLocalClass(BundleLoader.java:381)
	at org.eclipse.osgi.internal.loader.SingleSourcePackage.loadClass(SingleSourcePackage.java:33)
	at org.eclipse.osgi.internal.loader.BundleLoader.findClassInternal(BundleLoader.java:454)
	at org.eclipse.osgi.internal.loader.BundleLoader.findClass(BundleLoader.java:410)
	at org.eclipse.osgi.internal.loader.BundleLoader.findClass(BundleLoader.java:398)
	at org.eclipse.osgi.internal.baseadaptor.DefaultClassLoader.loadClass(DefaultClassLoader.java:105)
	at java.lang.ClassLoader.loadClass(ClassLoader.java:358)
	... 14 more
Caused by: org.osgi.framework.BundleException: The activator br.rds.msg.Activator for bundle be.rds.msg.api is invalid
	at org.eclipse.osgi.framework.internal.core.AbstractBundle.loadBundleActivator(AbstractBundle.java:157)
	at org.eclipse.osgi.framework.internal.core.BundleContextImpl.start(BundleContextImpl.java:751)
	at org.eclipse.osgi.framework.internal.core.BundleHost.startWorker(BundleHost.java:352)
	at org.eclipse.osgi.framework.internal.core.AbstractBundle.start(AbstractBundle.java:280)
	at org.eclipse.osgi.framework.util.SecureAction.start(SecureAction.java:408)
	at org.eclipse.core.runtime.internal.adaptor.EclipseLazyStarter.postFindLocalClass(EclipseLazyStarter.java:111)
	... 23 more
Caused by: java.lang.ClassNotFoundException: br.rds.msg.Activator
	at org.eclipse.osgi.internal.loader.BundleLoader.findClassInternal(BundleLoader.java:494)
	at org.eclipse.osgi.internal.loader.BundleLoader.findClass(BundleLoader.java:410)
	at org.eclipse.osgi.internal.loader.BundleLoader.findClass(BundleLoader.java:398)
	at org.eclipse.osgi.internal.baseadaptor.DefaultClassLoader.loadClass(DefaultClassLoader.java:105)
	at java.lang.ClassLoader.loadClass(ClassLoader.java:358)
	at org.eclipse.osgi.internal.loader.BundleLoader.loadClass(BundleLoader.java:326)
	at org.eclipse.osgi.framework.internal.core.BundleHost.loadClass(BundleHost.java:231)
	at org.eclipse.osgi.framework.internal.core.AbstractBundle.loadBundleActivator(AbstractBundle.java:150)
	... 28 more

!ENTRY be.rds.msg.impl 4 0 2015-03-03 20:11:31.324
!MESSAGE 
!STACK 0
org.osgi.framework.BundleException: Exception in be.rds.msg.Activator.start() of bundle be.rds.msg.impl.
	at org.eclipse.osgi.framework.internal.core.BundleContextImpl.startActivator(BundleContextImpl.java:806)
	at org.eclipse.osgi.framework.internal.core.BundleContextImpl.start(BundleContextImpl.java:755)
	at org.eclipse.osgi.framework.internal.core.BundleHost.startWorker(BundleHost.java:352)
	at org.eclipse.osgi.framework.internal.core.AbstractBundle.resume(AbstractBundle.java:370)
	at org.eclipse.osgi.framework.internal.core.Framework.resumeBundle(Framework.java:1068)
	at org.eclipse.osgi.framework.internal.core.StartLevelManager.resumeBundles(StartLevelManager.java:557)
	at org.eclipse.osgi.framework.internal.core.StartLevelManager.incFWSL(StartLevelManager.java:464)
	at org.eclipse.osgi.framework.internal.core.StartLevelManager.doSetStartLevel(StartLevelManager.java:248)
	at org.eclipse.osgi.framework.internal.core.StartLevelManager.dispatchEvent(StartLevelManager.java:445)
	at org.eclipse.osgi.framework.eventmgr.EventManager.dispatchEvent(EventManager.java:227)
	at org.eclipse.osgi.framework.eventmgr.EventManager$EventThread.run(EventManager.java:337)
Caused by: java.lang.NoClassDefFoundError: br/rds/msg/IMessageProvider
	at be.rds.msg.Activator.start(Activator.java:12)
	at org.eclipse.osgi.framework.internal.core.BundleContextImpl$1.run(BundleContextImpl.java:783)
	at java.security.AccessController.doPrivileged(Native Method)
	at org.eclipse.osgi.framework.internal.core.BundleContextImpl.startActivator(BundleContextImpl.java:774)
	... 10 more
Caused by: org.eclipse.core.runtime.internal.adaptor.EclipseLazyStarter$TerminatingClassNotFoundException: An error occurred while automatically activating bundle be.rds.msg.api (2).
	at org.eclipse.core.runtime.internal.adaptor.EclipseLazyStarter.postFindLocalClass(EclipseLazyStarter.java:125)
	at org.eclipse.osgi.baseadaptor.loader.ClasspathManager.findLocalClass(ClasspathManager.java:449)
	at org.eclipse.osgi.internal.baseadaptor.DefaultClassLoader.findLocalClass(DefaultClassLoader.java:211)
	at org.eclipse.osgi.internal.loader.BundleLoader.findLocalClass(BundleLoader.java:381)
	at org.eclipse.osgi.internal.loader.SingleSourcePackage.loadClass(SingleSourcePackage.java:33)
	at org.eclipse.osgi.internal.loader.BundleLoader.findClassInternal(BundleLoader.java:454)
	at org.eclipse.osgi.internal.loader.BundleLoader.findClass(BundleLoader.java:410)
	at org.eclipse.osgi.internal.loader.BundleLoader.findClass(BundleLoader.java:398)
	at org.eclipse.osgi.internal.baseadaptor.DefaultClassLoader.loadClass(DefaultClassLoader.java:105)
	at java.lang.ClassLoader.loadClass(ClassLoader.java:358)
	at be.rds.msg.consumer.Activator.start(Activator.java:14)
	... 13 more
Caused by: org.osgi.framework.BundleException: The activator br.rds.msg.Activator for bundle be.rds.msg.api is invalid
	at org.eclipse.osgi.framework.internal.core.AbstractBundle.loadBundleActivator(AbstractBundle.java:157)
	at org.eclipse.osgi.framework.internal.core.BundleContextImpl.start(BundleContextImpl.java:751)
	at org.eclipse.osgi.framework.internal.core.BundleHost.startWorker(BundleHost.java:352)
	at org.eclipse.osgi.framework.internal.core.AbstractBundle.start(AbstractBundle.java:280)
	at org.eclipse.osgi.framework.util.SecureAction.start(SecureAction.java:408)
	at org.eclipse.core.runtime.internal.adaptor.EclipseLazyStarter.postFindLocalClass(EclipseLazyStarter.java:111)
	... 23 more
Caused by: java.lang.ClassNotFoundException: br.rds.msg.Activator
	at org.eclipse.osgi.internal.loader.BundleLoader.findClassInternal(BundleLoader.java:494)
	at org.eclipse.osgi.internal.loader.BundleLoader.findClass(BundleLoader.java:410)
	at org.eclipse.osgi.internal.loader.BundleLoader.findClass(BundleLoader.java:398)
	at org.eclipse.osgi.internal.baseadaptor.DefaultClassLoader.loadClass(DefaultClassLoader.java:105)
	at java.lang.ClassLoader.loadClass(ClassLoader.java:358)
	at org.eclipse.osgi.internal.loader.BundleLoader.loadClass(BundleLoader.java:326)
	at org.eclipse.osgi.framework.internal.core.BundleHost.loadClass(BundleHost.java:231)
	at org.eclipse.osgi.framework.internal.core.AbstractBundle.loadBundleActivator(AbstractBundle.java:150)
	... 28 more
Root exception:
java.lang.NoClassDefFoundError: br/rds/msg/IMessageProvider
	at be.rds.msg.Activator.start(Activator.java:12)
	at org.eclipse.osgi.framework.internal.core.BundleContextImpl$1.run(BundleContextImpl.java:783)
	at java.security.AccessController.doPrivileged(Native Method)
	at org.eclipse.osgi.framework.internal.core.BundleContextImpl.startActivator(BundleContextImpl.java:774)
	at org.eclipse.osgi.framework.internal.core.BundleContextImpl.start(BundleContextImpl.java:755)
	at org.eclipse.osgi.framework.internal.core.BundleHost.startWorker(BundleHost.java:352)
	at org.eclipse.osgi.framework.internal.core.AbstractBundle.resume(AbstractBundle.java:370)
	at org.eclipse.osgi.framework.internal.core.Framework.resumeBundle(Framework.java:1068)
	at org.eclipse.osgi.framework.internal.core.StartLevelManager.resumeBundles(StartLevelManager.java:557)
	at org.eclipse.osgi.framework.internal.core.StartLevelManager.incFWSL(StartLevelManager.java:464)
	at org.eclipse.osgi.framework.internal.core.StartLevelManager.doSetStartLevel(StartLevelManager.java:248)
	at org.eclipse.osgi.framework.internal.core.StartLevelManager.dispatchEvent(StartLevelManager.java:445)
	at org.eclipse.osgi.framework.eventmgr.EventManager.dispatchEvent(EventManager.java:227)
	at org.eclipse.osgi.framework.eventmgr.EventManager$EventThread.run(EventManager.java:337)
Caused by: org.eclipse.core.runtime.internal.adaptor.EclipseLazyStarter$TerminatingClassNotFoundException: An error occurred while automatically activating bundle be.rds.msg.api (2).
	at org.eclipse.core.runtime.internal.adaptor.EclipseLazyStarter.postFindLocalClass(EclipseLazyStarter.java:125)
	at org.eclipse.osgi.baseadaptor.loader.ClasspathManager.findLocalClass(ClasspathManager.java:449)
	at org.eclipse.osgi.internal.baseadaptor.DefaultClassLoader.findLocalClass(DefaultClassLoader.java:211)
	at org.eclipse.osgi.internal.loader.BundleLoader.findLocalClass(BundleLoader.java:381)
	at org.eclipse.osgi.internal.loader.SingleSourcePackage.loadClass(SingleSourcePackage.java:33)
	at org.eclipse.osgi.internal.loader.BundleLoader.findClassInternal(BundleLoader.java:454)
	at org.eclipse.osgi.internal.loader.BundleLoader.findClass(BundleLoader.java:410)
	at org.eclipse.osgi.internal.loader.BundleLoader.findClass(BundleLoader.java:398)
	at org.eclipse.osgi.internal.baseadaptor.DefaultClassLoader.loadClass(DefaultClassLoader.java:105)
	at java.lang.ClassLoader.loadClass(ClassLoader.java:358)
	at be.rds.msg.consumer.Activator.start(Activator.java:14)
	... 13 more
Caused by: org.osgi.framework.BundleException: The activator br.rds.msg.Activator for bundle be.rds.msg.api is invalid
	at org.eclipse.osgi.framework.internal.core.AbstractBundle.loadBundleActivator(AbstractBundle.java:157)
	at org.eclipse.osgi.framework.internal.core.BundleContextImpl.start(BundleContextImpl.java:751)
	at org.eclipse.osgi.framework.internal.core.BundleHost.startWorker(BundleHost.java:352)
	at org.eclipse.osgi.framework.internal.core.AbstractBundle.start(AbstractBundle.java:280)
	at org.eclipse.osgi.framework.util.SecureAction.start(SecureAction.java:408)
	at org.eclipse.core.runtime.internal.adaptor.EclipseLazyStarter.postFindLocalClass(EclipseLazyStarter.java:111)
	... 23 more
Caused by: java.lang.ClassNotFoundException: br.rds.msg.Activator
	at org.eclipse.osgi.internal.loader.BundleLoader.findClassInternal(BundleLoader.java:494)
	at org.eclipse.osgi.internal.loader.BundleLoader.findClass(BundleLoader.java:410)
	at org.eclipse.osgi.internal.loader.BundleLoader.findClass(BundleLoader.java:398)
	at org.eclipse.osgi.internal.baseadaptor.DefaultClassLoader.loadClass(DefaultClassLoader.java:105)
	at java.lang.ClassLoader.loadClass(ClassLoader.java:358)
	at org.eclipse.osgi.internal.loader.BundleLoader.loadClass(BundleLoader.java:326)
	at org.eclipse.osgi.framework.internal.core.BundleHost.loadClass(BundleHost.java:231)
	at org.eclipse.osgi.framework.internal.core.AbstractBundle.loadBundleActivator(AbstractBundle.java:150)
	... 28 more

!ENTRY org.eclipse.ui 4 4 2015-03-03 20:11:31.625
!MESSAGE Unable to load UI activator

!ENTRY org.eclipse.ui 4 4 2015-03-03 20:11:31.625
!MESSAGE Unable to load UI activator
!STACK 0
org.eclipse.osgi.framework.internal.core.AbstractBundle$BundleStatusException
	at org.eclipse.osgi.framework.internal.core.AbstractBundle.beginStateChange(AbstractBundle.java:1073)
	at org.eclipse.osgi.framework.internal.core.AbstractBundle.start(AbstractBundle.java:278)
	at org.eclipse.ui.internal.WorkbenchPlugin.start(WorkbenchPlugin.java:899)
	at org.eclipse.osgi.framework.internal.core.BundleContextImpl$1.run(BundleContextImpl.java:783)
	at java.security.AccessController.doPrivileged(Native Method)
	at org.eclipse.osgi.framework.internal.core.BundleContextImpl.startActivator(BundleContextImpl.java:774)
	at org.eclipse.osgi.framework.internal.core.BundleContextImpl.start(BundleContextImpl.java:755)
	at org.eclipse.osgi.framework.internal.core.BundleHost.startWorker(BundleHost.java:352)
	at org.eclipse.osgi.framework.internal.core.AbstractBundle.start(AbstractBundle.java:280)
	at org.eclipse.osgi.framework.util.SecureAction.start(SecureAction.java:408)
	at org.eclipse.core.runtime.internal.adaptor.EclipseLazyStarter.postFindLocalClass(EclipseLazyStarter.java:111)
	at org.eclipse.osgi.baseadaptor.loader.ClasspathManager.findLocalClass(ClasspathManager.java:449)
	at org.eclipse.osgi.internal.baseadaptor.DefaultClassLoader.findLocalClass(DefaultClassLoader.java:211)
	at org.eclipse.osgi.internal.loader.BundleLoader.findLocalClass(BundleLoader.java:381)
	at org.eclipse.osgi.internal.loader.SingleSourcePackage.loadClass(SingleSourcePackage.java:33)
	at org.eclipse.osgi.internal.loader.BundleLoader.findClassInternal(BundleLoader.java:454)
	at org.eclipse.osgi.internal.loader.BundleLoader.findClass(BundleLoader.java:410)
	at org.eclipse.osgi.internal.loader.BundleLoader.findClass(BundleLoader.java:398)
	at org.eclipse.osgi.internal.baseadaptor.DefaultClassLoader.loadClass(DefaultClassLoader.java:105)
	at java.lang.ClassLoader.loadClass(ClassLoader.java:358)
	at java.lang.ClassLoader.defineClass1(Native Method)
	at java.lang.ClassLoader.defineClass(ClassLoader.java:800)
	at org.eclipse.osgi.internal.baseadaptor.DefaultClassLoader.defineClass(DefaultClassLoader.java:183)
	at org.eclipse.osgi.baseadaptor.loader.ClasspathManager.defineClass(ClasspathManager.java:576)
	at org.eclipse.osgi.baseadaptor.loader.ClasspathManager.findClassImpl(ClasspathManager.java:546)
	at org.eclipse.osgi.baseadaptor.loader.ClasspathManager.findLocalClassImpl(ClasspathManager.java:477)
	at org.eclipse.osgi.baseadaptor.loader.ClasspathManager.findLocalClass_LockClassLoader(ClasspathManager.java:465)
	at org.eclipse.osgi.baseadaptor.loader.ClasspathManager.findLocalClass(ClasspathManager.java:445)
	at org.eclipse.osgi.internal.baseadaptor.DefaultClassLoader.findLocalClass(DefaultClassLoader.java:211)
	at org.eclipse.osgi.internal.loader.BundleLoader.findLocalClass(BundleLoader.java:381)
	at org.eclipse.osgi.internal.loader.BundleLoader.findClassInternal(BundleLoader.java:457)
	at org.eclipse.osgi.internal.loader.BundleLoader.findClass(BundleLoader.java:410)
	at org.eclipse.osgi.internal.loader.BundleLoader.findClass(BundleLoader.java:398)
	at org.eclipse.osgi.internal.baseadaptor.DefaultClassLoader.loadClass(DefaultClassLoader.java:105)
	at java.lang.ClassLoader.loadClass(ClassLoader.java:358)
	at org.eclipse.osgi.internal.loader.BundleLoader.loadClass(BundleLoader.java:326)
	at org.eclipse.osgi.framework.internal.core.BundleHost.loadClass(BundleHost.java:231)
	at org.eclipse.osgi.framework.internal.core.AbstractBundle.loadBundleActivator(AbstractBundle.java:150)
	at org.eclipse.osgi.framework.internal.core.BundleContextImpl.start(BundleContextImpl.java:751)
	at org.eclipse.osgi.framework.internal.core.BundleHost.startWorker(BundleHost.java:352)
	at org.eclipse.osgi.framework.internal.core.AbstractBundle.resume(AbstractBundle.java:370)
	at org.eclipse.osgi.framework.internal.core.Framework.resumeBundle(Framework.java:1068)
	at org.eclipse.osgi.framework.internal.core.StartLevelManager.resumeBundles(StartLevelManager.java:557)
	at org.eclipse.osgi.framework.internal.core.StartLevelManager.incFWSL(StartLevelManager.java:464)
	at org.eclipse.osgi.framework.internal.core.StartLevelManager.doSetStartLevel(StartLevelManager.java:248)
	at org.eclipse.osgi.framework.internal.core.StartLevelManager.dispatchEvent(StartLevelManager.java:445)
	at org.eclipse.osgi.framework.eventmgr.EventManager.dispatchEvent(EventManager.java:227)
	at org.eclipse.osgi.framework.eventmgr.EventManager$EventThread.run(EventManager.java:337)
