!SESSION 2015-03-03 21:17:30.199 -----------------------------------------------
eclipse.buildId=unknown
java.version=1.7.0_45
java.vendor=Oracle Corporation
BootLoader constants: OS=linux, ARCH=x86_64, WS=gtk, NL=en_US
Command-line arguments:  -dev file:/home/ruben/java/eclipseRCPBook/workspace/.metadata/.plugins/org.eclipse.pde.core/OSGi Framework/dev.properties -os linux -ws gtk -arch x86_64 -console

!ENTRY org.eclipse.ui 4 4 2015-03-03 21:17:31.087
!MESSAGE Unable to load UI activator

!ENTRY org.eclipse.ui 4 4 2015-03-03 21:17:31.087
!MESSAGE Unable to load UI activator
!STACK 0
org.eclipse.osgi.framework.internal.core.AbstractBundle$BundleStatusException
	at org.eclipse.osgi.framework.internal.core.AbstractBundle.beginStateChange(AbstractBundle.java:1073)
	at org.eclipse.osgi.framework.internal.core.AbstractBundle.start(AbstractBundle.java:278)
	at org.eclipse.ui.internal.WorkbenchPlugin.start(WorkbenchPlugin.java:899)
	at org.eclipse.osgi.framework.internal.core.BundleContextImpl$1.run(BundleContextImpl.java:783)
	at java.security.AccessController.doPrivileged(Native Method)
	at org.eclipse.osgi.framework.internal.core.BundleContextImpl.startActivator(BundleContextImpl.java:774)
	at org.eclipse.osgi.framework.internal.core.BundleContextImpl.start(BundleContextImpl.java:755)
	at org.eclipse.osgi.framework.internal.core.BundleHost.startWorker(BundleHost.java:352)
	at org.eclipse.osgi.framework.internal.core.AbstractBundle.start(AbstractBundle.java:280)
	at org.eclipse.osgi.framework.util.SecureAction.start(SecureAction.java:408)
	at org.eclipse.core.runtime.internal.adaptor.EclipseLazyStarter.postFindLocalClass(EclipseLazyStarter.java:111)
	at org.eclipse.osgi.baseadaptor.loader.ClasspathManager.findLocalClass(ClasspathManager.java:449)
	at org.eclipse.osgi.internal.baseadaptor.DefaultClassLoader.findLocalClass(DefaultClassLoader.java:211)
	at org.eclipse.osgi.internal.loader.BundleLoader.findLocalClass(BundleLoader.java:381)
	at org.eclipse.osgi.internal.loader.SingleSourcePackage.loadClass(SingleSourcePackage.java:33)
	at org.eclipse.osgi.internal.loader.BundleLoader.findClassInternal(BundleLoader.java:454)
	at org.eclipse.osgi.internal.loader.BundleLoader.findClass(BundleLoader.java:410)
	at org.eclipse.osgi.internal.loader.BundleLoader.findClass(BundleLoader.java:398)
	at org.eclipse.osgi.internal.baseadaptor.DefaultClassLoader.loadClass(DefaultClassLoader.java:105)
	at java.lang.ClassLoader.loadClass(ClassLoader.java:358)
	at java.lang.ClassLoader.defineClass1(Native Method)
	at java.lang.ClassLoader.defineClass(ClassLoader.java:800)
	at org.eclipse.osgi.internal.baseadaptor.DefaultClassLoader.defineClass(DefaultClassLoader.java:183)
	at org.eclipse.osgi.baseadaptor.loader.ClasspathManager.defineClass(ClasspathManager.java:576)
	at org.eclipse.osgi.baseadaptor.loader.ClasspathManager.findClassImpl(ClasspathManager.java:546)
	at org.eclipse.osgi.baseadaptor.loader.ClasspathManager.findLocalClassImpl(ClasspathManager.java:477)
	at org.eclipse.osgi.baseadaptor.loader.ClasspathManager.findLocalClass_LockClassLoader(ClasspathManager.java:465)
	at org.eclipse.osgi.baseadaptor.loader.ClasspathManager.findLocalClass(ClasspathManager.java:445)
	at org.eclipse.osgi.internal.baseadaptor.DefaultClassLoader.findLocalClass(DefaultClassLoader.java:211)
	at org.eclipse.osgi.internal.loader.BundleLoader.findLocalClass(BundleLoader.java:381)
	at org.eclipse.osgi.internal.loader.BundleLoader.findClassInternal(BundleLoader.java:457)
	at org.eclipse.osgi.internal.loader.BundleLoader.findClass(BundleLoader.java:410)
	at org.eclipse.osgi.internal.loader.BundleLoader.findClass(BundleLoader.java:398)
	at org.eclipse.osgi.internal.baseadaptor.DefaultClassLoader.loadClass(DefaultClassLoader.java:105)
	at java.lang.ClassLoader.loadClass(ClassLoader.java:358)
	at org.eclipse.osgi.internal.loader.BundleLoader.loadClass(BundleLoader.java:326)
	at org.eclipse.osgi.framework.internal.core.BundleHost.loadClass(BundleHost.java:231)
	at org.eclipse.osgi.framework.internal.core.AbstractBundle.loadBundleActivator(AbstractBundle.java:150)
	at org.eclipse.osgi.framework.internal.core.BundleContextImpl.start(BundleContextImpl.java:751)
	at org.eclipse.osgi.framework.internal.core.BundleHost.startWorker(BundleHost.java:352)
	at org.eclipse.osgi.framework.internal.core.AbstractBundle.resume(AbstractBundle.java:370)
	at org.eclipse.osgi.framework.internal.core.Framework.resumeBundle(Framework.java:1068)
	at org.eclipse.osgi.framework.internal.core.StartLevelManager.resumeBundles(StartLevelManager.java:557)
	at org.eclipse.osgi.framework.internal.core.StartLevelManager.incFWSL(StartLevelManager.java:464)
	at org.eclipse.osgi.framework.internal.core.StartLevelManager.doSetStartLevel(StartLevelManager.java:248)
	at org.eclipse.osgi.framework.internal.core.StartLevelManager.dispatchEvent(StartLevelManager.java:445)
	at org.eclipse.osgi.framework.eventmgr.EventManager.dispatchEvent(EventManager.java:227)
	at org.eclipse.osgi.framework.eventmgr.EventManager$EventThread.run(EventManager.java:337)

!ENTRY be.rds.msg.impl.ds 4 0 2015-03-03 21:18:47.204
!MESSAGE 
!STACK 0
org.osgi.framework.ServiceException: org.eclipse.equinox.internal.ds.ServiceReg.getService() returned a service object that is not an instance of the service class br.rds.msg.IMessageProvider
	at org.eclipse.osgi.internal.serviceregistry.ServiceUse.getService(ServiceUse.java:151)
	at org.eclipse.osgi.internal.serviceregistry.ServiceRegistrationImpl.getService(ServiceRegistrationImpl.java:449)
	at org.eclipse.osgi.internal.serviceregistry.ServiceRegistry.getService(ServiceRegistry.java:430)
	at org.eclipse.osgi.framework.internal.core.BundleContextImpl.getService(BundleContextImpl.java:667)
	at org.eclipse.equinox.internal.ds.InstanceProcess.getService(InstanceProcess.java:650)
	at org.eclipse.equinox.internal.ds.model.ComponentReference.getMethod(ComponentReference.java:110)
	at org.eclipse.equinox.internal.ds.model.ComponentReference.bind(ComponentReference.java:314)
	at org.eclipse.equinox.internal.ds.model.ServiceComponentProp.bindReference(ServiceComponentProp.java:411)
	at org.eclipse.equinox.internal.ds.model.ServiceComponentProp.bind(ServiceComponentProp.java:210)
	at org.eclipse.equinox.internal.ds.model.ServiceComponentProp.build(ServiceComponentProp.java:328)
	at org.eclipse.equinox.internal.ds.InstanceProcess.buildComponent(InstanceProcess.java:560)
	at org.eclipse.equinox.internal.ds.InstanceProcess.buildComponents(InstanceProcess.java:182)
	at org.eclipse.equinox.internal.ds.Resolver.getEligible(Resolver.java:292)
	at org.eclipse.equinox.internal.ds.SCRManager.serviceChanged(SCRManager.java:226)
	at org.eclipse.osgi.internal.serviceregistry.FilteredServiceListener.serviceChanged(FilteredServiceListener.java:104)
	at org.eclipse.osgi.framework.internal.core.BundleContextImpl.dispatchEvent(BundleContextImpl.java:933)
	at org.eclipse.osgi.framework.eventmgr.EventManager.dispatchEvent(EventManager.java:227)
	at org.eclipse.osgi.framework.eventmgr.ListenerQueue.dispatchEventSynchronous(ListenerQueue.java:149)
	at org.eclipse.osgi.internal.serviceregistry.ServiceRegistry.publishServiceEventPrivileged(ServiceRegistry.java:756)
	at org.eclipse.osgi.internal.serviceregistry.ServiceRegistry.publishServiceEvent(ServiceRegistry.java:711)
	at org.eclipse.osgi.internal.serviceregistry.ServiceRegistrationImpl.register(ServiceRegistrationImpl.java:129)
	at org.eclipse.osgi.internal.serviceregistry.ServiceRegistry.registerService(ServiceRegistry.java:206)
	at org.eclipse.osgi.framework.internal.core.BundleContextImpl.registerService(BundleContextImpl.java:507)
	at org.eclipse.equinox.internal.ds.InstanceProcess.registerService(InstanceProcess.java:476)
	at org.eclipse.equinox.internal.ds.InstanceProcess.buildComponents(InstanceProcess.java:241)
	at org.eclipse.equinox.internal.ds.Resolver.buildNewlySatisfied(Resolver.java:393)
	at org.eclipse.equinox.internal.ds.Resolver.enableComponents(Resolver.java:176)
	at org.eclipse.equinox.internal.ds.SCRManager.performWork(SCRManager.java:791)
	at org.eclipse.equinox.internal.ds.SCRManager$QueuedJob.dispatch(SCRManager.java:758)
	at org.eclipse.equinox.internal.ds.WorkThread.run(WorkThread.java:90)
	at org.eclipse.equinox.internal.util.impl.tpt.threadpool.Executor.run(Executor.java:70)

!ENTRY org.eclipse.osgi 2 1 2015-03-03 21:18:47.207
!MESSAGE NLS missing message: SERVICE_REFERENCE_BOUND in: org.eclipse.equinox.internal.ds.SCRmessages
